# JRE version: Java(TM) SE Runtime Environment (8.0_11-b12) (build 1.8.0_11-b12)
# Java VM: Java HotSpot(TM) 64-Bit Server VM (25.11-b03 mixed mode bsd-amd64 compressed oops)
Heap:
 PSYoungGen      total 36352K, used 16478K [0x000000076ab00000, 0x000000076d280000, 0x00000007c0000000)
  eden space 32256K, 50% used [0x000000076ab00000,0x000000076bacf9f8,0x000000076ca80000)
  from space 4096K, 7% used [0x000000076ce80000,0x000000076cec8000,0x000000076d280000)
  to   space 4096K, 0% used [0x000000076ca80000,0x000000076ca80000,0x000000076ce80000)
 ParOldGen       total 260608K, used 15015K [0x00000006c0000000, 0x00000006cfe80000, 0x000000076ab00000)
  object space 260608K, 5% used [0x00000006c0000000,0x00000006c0ea9fd8,0x00000006cfe80000)
 Metaspace       used 13914K, capacity 14086K, committed 14208K, reserved 1062912K
  class space    used 1569K, capacity 1603K, committed 1664K, reserved 1048576K
GC Heap History (10 events):
Event: 628.336 GC heap before
{Heap before GC invocations=15 (full 0):
 PSYoungGen      total 20480K, used 15863K [0x000000076ab00000, 0x000000076c380000, 0x00000007c0000000)
  eden space 16896K, 93% used [0x000000076ab00000,0x000000076ba65d48,0x000000076bb80000)
  from space 3584K, 2% used [0x000000076c000000,0x000000076c018000,0x000000076c380000)
  to   space 4096K, 0% used [0x000000076bb80000,0x000000076bb80000,0x000000076bf80000)
 ParOldGen       total 260608K, used 8592K [0x00000006c0000000, 0x00000006cfe80000, 0x000000076ab00000)
  object space 260608K, 3% used [0x00000006c0000000,0x00000006c0864248,0x00000006cfe80000)
 Metaspace       used 13847K, capacity 14022K, committed 14208K, reserved 1062912K
  class space    used 1567K, capacity 1603K, committed 1664K, reserved 1048576K
Event: 628.338 GC heap after
Heap after GC invocations=15 (full 0):
 PSYoungGen      total 20480K, used 3544K [0x000000076ab00000, 0x000000076c400000, 0x00000007c0000000)
  eden space 16384K, 0% used [0x000000076ab00000,0x000000076ab00000,0x000000076bb00000)
  from space 4096K, 86% used [0x000000076bb80000,0x000000076bef6270,0x000000076bf80000)
  to   space 4608K, 0% used [0x000000076bf80000,0x000000076bf80000,0x000000076c400000)
 ParOldGen       total 260608K, used 11608K [0x00000006c0000000, 0x00000006cfe80000, 0x000000076ab00000)
  object space 260608K, 4% used [0x00000006c0000000,0x00000006c0b56278,0x00000006cfe80000)
 Metaspace       used 13847K, capacity 14022K, committed 14208K, reserved 1062912K
  class space    used 1567K, capacity 1603K, committed 1664K, reserved 1048576K
}
Event: 628.340 GC heap before
{Heap before GC invocations=16 (full 0):
 PSYoungGen      total 20480K, used 19758K [0x000000076ab00000, 0x000000076c400000, 0x00000007c0000000)
  eden space 16384K, 98% used [0x000000076ab00000,0x000000076bad5778,0x000000076bb00000)
  from space 4096K, 86% used [0x000000076bb80000,0x000000076bef6270,0x000000076bf80000)
  to   space 4608K, 0% used [0x000000076bf80000,0x000000076bf80000,0x000000076c400000)
 ParOldGen       total 260608K, used 11608K [0x00000006c0000000, 0x00000006cfe80000, 0x000000076ab00000)
  object space 260608K, 4% used [0x00000006c0000000,0x00000006c0b56278,0x00000006cfe80000)
 Metaspace       used 13848K, capacity 14022K, committed 14208K, reserved 1062912K
  class space    used 1567K, capacity 1603K, committed 1664K, reserved 1048576K
Event: 628.342 GC heap after
Heap after GC invocations=16 (full 0):
 PSYoungGen      total 20992K, used 224K [0x000000076ab00000, 0x000000076ce00000, 0x00000007c0000000)
  eden space 16384K, 0% used [0x000000076ab00000,0x000000076ab00000,0x000000076bb00000)
  from space 4608K, 4% used [0x000000076bf80000,0x000000076bfb8000,0x000000076c400000)
  to   space 4608K, 0% used [0x000000076bb00000,0x000000076bb00000,0x000000076bf80000)
 ParOldGen       total 260608K, used 14782K [0x00000006c0000000, 0x00000006cfe80000, 0x000000076ab00000)
  object space 260608K, 5% used [0x00000006c0000000,0x00000006c0e6f8e8,0x00000006cfe80000)
 Metaspace       used 13848K, capacity 14022K, committed 14208K, reserved 1062912K
  class space    used 1567K, capacity 1603K, committed 1664K, reserved 1048576K
}
Event: 643.289 GC heap before
{Heap before GC invocations=17 (full 0):
 PSYoungGen      total 20992K, used 15531K [0x000000076ab00000, 0x000000076ce00000, 0x00000007c0000000)
  eden space 16384K, 93% used [0x000000076ab00000,0x000000076b9f2ec0,0x000000076bb00000)
  from space 4608K, 4% used [0x000000076bf80000,0x000000076bfb8000,0x000000076c400000)
  to   space 4608K, 0% used [0x000000076bb00000,0x000000076bb00000,0x000000076bf80000)
 ParOldGen       total 260608K, used 14782K [0x00000006c0000000, 0x00000006cfe80000, 0x000000076ab00000)
  object space 260608K, 5% used [0x00000006c0000000,0x00000006c0e6f8e8,0x00000006cfe80000)
 Metaspace       used 13875K, capacity 14086K, committed 14208K, reserved 1062912K
  class space    used 1569K, capacity 1603K, committed 1664K, reserved 1048576K
Event: 643.290 GC heap after
Heap after GC invocations=17 (full 0):
 PSYoungGen      total 20992K, used 336K [0x000000076ab00000, 0x000000076ca80000, 0x00000007c0000000)
  eden space 16384K, 0% used [0x000000076ab00000,0x000000076ab00000,0x000000076bb00000)
  from space 4608K, 7% used [0x000000076bb00000,0x000000076bb54230,0x000000076bf80000)
  to   space 4608K, 0% used [0x000000076c600000,0x000000076c600000,0x000000076ca80000)
 ParOldGen       total 260608K, used 14838K [0x00000006c0000000, 0x00000006cfe80000, 0x000000076ab00000)
  object space 260608K, 5% used [0x00000006c0000000,0x00000006c0e7d8e8,0x00000006cfe80000)
 Metaspace       used 13875K, capacity 14086K, committed 14208K, reserved 1062912K
  class space    used 1569K, capacity 1603K, committed 1664K, reserved 1048576K
}
Event: 650.230 GC heap before
{Heap before GC invocations=18 (full 0):
 PSYoungGen      total 20992K, used 15876K [0x000000076ab00000, 0x000000076ca80000, 0x00000007c0000000)
  eden space 16384K, 94% used [0x000000076ab00000,0x000000076ba2d138,0x000000076bb00000)
  from space 4608K, 7% used [0x000000076bb00000,0x000000076bb54230,0x000000076bf80000)
  to   space 4608K, 0% used [0x000000076c600000,0x000000076c600000,0x000000076ca80000)
 ParOldGen       total 260608K, used 14838K [0x00000006c0000000, 0x00000006cfe80000, 0x000000076ab00000)
  object space 260608K, 5% used [0x00000006c0000000,0x00000006c0e7d8e8,0x00000006cfe80000)
 Metaspace       used 13912K, capacity 14086K, committed 14208K, reserved 1062912K
  class space    used 1569K, capacity 1603K, committed 1664K, reserved 1048576K
Event: 650.231 GC heap after
Heap after GC invocations=18 (full 0):
 PSYoungGen      total 27648K, used 240K [0x000000076ab00000, 0x000000076ca80000, 0x00000007c0000000)
  eden space 23040K, 0% used [0x000000076ab00000,0x000000076ab00000,0x000000076c180000)
  from space 4608K, 5% used [0x000000076c600000,0x000000076c63c230,0x000000076ca80000)
  to   space 4608K, 0% used [0x000000076c180000,0x000000076c180000,0x000000076c600000)
 ParOldGen       total 260608K, used 14916K [0x00000006c0000000, 0x00000006cfe80000, 0x000000076ab00000)
  object space 260608K, 5% used [0x00000006c0000000,0x00000006c0e91098,0x00000006cfe80000)
 Metaspace       used 13912K, capacity 14086K, committed 14208K, reserved 1062912K
  class space    used 1569K, capacity 1603K, committed 1664K, reserved 1048576K
}
Event: 650.233 GC heap before
{Heap before GC invocations=19 (full 0):
 PSYoungGen      total 27648K, used 20380K [0x000000076ab00000, 0x000000076ca80000, 0x00000007c0000000)
  eden space 23040K, 87% used [0x000000076ab00000,0x000000076beaaf30,0x000000076c180000)
  from space 4608K, 5% used [0x000000076c600000,0x000000076c63c230,0x000000076ca80000)
  to   space 4608K, 0% used [0x000000076c180000,0x000000076c180000,0x000000076c600000)
 ParOldGen       total 260608K, used 14916K [0x00000006c0000000, 0x00000006cfe80000, 0x000000076ab00000)
  object space 260608K, 5% used [0x00000006c0000000,0x00000006c0e91098,0x00000006cfe80000)
 Metaspace       used 13912K, capacity 14086K, committed 14208K, reserved 1062912K
  class space    used 1569K, capacity 1603K, committed 1664K, reserved 1048576K
Event: 650.234 GC heap after
Heap after GC invocations=19 (full 0):
 PSYoungGen      total 27648K, used 160K [0x000000076ab00000, 0x000000076d280000, 0x00000007c0000000)
  eden space 23040K, 0% used [0x000000076ab00000,0x000000076ab00000,0x000000076c180000)
  from space 4608K, 3% used [0x000000076c180000,0x000000076c1a8000,0x000000076c600000)
  to   space 4096K, 0% used [0x000000076ce80000,0x000000076ce80000,0x000000076d280000)
 ParOldGen       total 260608K, used 14972K [0x00000006c0000000, 0x00000006cfe80000, 0x000000076ab00000)
  object space 260608K, 5% used [0x00000006c0000000,0x00000006c0e9f098,0x00000006cfe80000)
 Metaspace       used 13912K, capacity 14086K, committed 14208K, reserved 1062912K
  class space    used 1569K, capacity 1603K, committed 1664K, reserved 1048576K
}

