# JRE version: Java(TM) SE Runtime Environment (8.0_11-b12) (build 1.8.0_11-b12)
# Java VM: Java HotSpot(TM) 64-Bit Server VM (25.11-b03 mixed mode bsd-amd64 compressed oops)
Heap:
 PSYoungGen      total 14336K, used 2853K [0x000000076ab00000, 0x000000076c280000, 0x00000007c0000000)
  eden space 11776K, 9% used [0x000000076ab00000,0x000000076ac0f3f0,0x000000076b680000)
  from space 2560K, 69% used [0x000000076b680000,0x000000076b83a250,0x000000076b900000)
  to   space 2560K, 0% used [0x000000076c000000,0x000000076c000000,0x000000076c280000)
 ParOldGen       total 260608K, used 4541K [0x00000006c0000000, 0x00000006cfe80000, 0x000000076ab00000)
  object space 260608K, 1% used [0x00000006c0000000,0x00000006c046f6e0,0x00000006cfe80000)
 Metaspace       used 11834K, capacity 12010K, committed 12160K, reserved 1060864K
  class space    used 1356K, capacity 1401K, committed 1408K, reserved 1048576K
GC Heap History (10 events):
Event: 0.268 GC heap before
{Heap before GC invocations=7 (full 0):
 PSYoungGen      total 4608K, used 4592K [0x000000076ab00000, 0x000000076b200000, 0x00000007c0000000)
  eden space 3584K, 100% used [0x000000076ab00000,0x000000076ae80000,0x000000076ae80000)
  from space 1024K, 98% used [0x000000076b000000,0x000000076b0fc378,0x000000076b100000)
  to   space 1536K, 0% used [0x000000076ae80000,0x000000076ae80000,0x000000076b000000)
 ParOldGen       total 260608K, used 902K [0x00000006c0000000, 0x00000006cfe80000, 0x000000076ab00000)
  object space 260608K, 0% used [0x00000006c0000000,0x00000006c00e1af0,0x00000006cfe80000)
 Metaspace       used 5489K, capacity 5952K, committed 6016K, reserved 1056768K
  class space    used 615K, capacity 624K, committed 640K, reserved 1048576K
Event: 0.269 GC heap after
Heap after GC invocations=7 (full 0):
 PSYoungGen      total 5120K, used 1056K [0x000000076ab00000, 0x000000076b500000, 0x00000007c0000000)
  eden space 3584K, 0% used [0x000000076ab00000,0x000000076ab00000,0x000000076ae80000)
  from space 1536K, 68% used [0x000000076ae80000,0x000000076af88240,0x000000076b000000)
  to   space 1536K, 0% used [0x000000076b380000,0x000000076b380000,0x000000076b500000)
 ParOldGen       total 260608K, used 1209K [0x00000006c0000000, 0x00000006cfe80000, 0x000000076ab00000)
  object space 260608K, 0% used [0x00000006c0000000,0x00000006c012e488,0x00000006cfe80000)
 Metaspace       used 5489K, capacity 5952K, committed 6016K, reserved 1056768K
  class space    used 615K, capacity 624K, committed 640K, reserved 1048576K
}
Event: 0.372 GC heap before
{Heap before GC invocations=8 (full 0):
 PSYoungGen      total 5120K, used 4640K [0x000000076ab00000, 0x000000076b500000, 0x00000007c0000000)
  eden space 3584K, 100% used [0x000000076ab00000,0x000000076ae80000,0x000000076ae80000)
  from space 1536K, 68% used [0x000000076ae80000,0x000000076af88240,0x000000076b000000)
  to   space 1536K, 0% used [0x000000076b380000,0x000000076b380000,0x000000076b500000)
 ParOldGen       total 260608K, used 1209K [0x00000006c0000000, 0x00000006cfe80000, 0x000000076ab00000)
  object space 260608K, 0% used [0x00000006c0000000,0x00000006c012e488,0x00000006cfe80000)
 Metaspace       used 7995K, capacity 8160K, committed 8448K, reserved 1056768K
  class space    used 903K, capacity 948K, committed 1024K, reserved 1048576K
Event: 0.374 GC heap after
Heap after GC invocations=8 (full 0):
 PSYoungGen      total 8704K, used 1447K [0x000000076ab00000, 0x000000076b500000, 0x00000007c0000000)
  eden space 7168K, 0% used [0x000000076ab00000,0x000000076ab00000,0x000000076b200000)
  from space 1536K, 94% used [0x000000076b380000,0x000000076b4e9ee8,0x000000076b500000)
  to   space 1536K, 0% used [0x000000076b200000,0x000000076b200000,0x000000076b380000)
 ParOldGen       total 260608K, used 1329K [0x00000006c0000000, 0x00000006cfe80000, 0x000000076ab00000)
  object space 260608K, 0% used [0x00000006c0000000,0x00000006c014c488,0x00000006cfe80000)
 Metaspace       used 7995K, capacity 8160K, committed 8448K, reserved 1056768K
  class space    used 903K, capacity 948K, committed 1024K, reserved 1048576K
}
Event: 0.480 GC heap before
{Heap before GC invocations=9 (full 0):
 PSYoungGen      total 8704K, used 8615K [0x000000076ab00000, 0x000000076b500000, 0x00000007c0000000)
  eden space 7168K, 100% used [0x000000076ab00000,0x000000076b200000,0x000000076b200000)
  from space 1536K, 94% used [0x000000076b380000,0x000000076b4e9ee8,0x000000076b500000)
  to   space 1536K, 0% used [0x000000076b200000,0x000000076b200000,0x000000076b380000)
 ParOldGen       total 260608K, used 1329K [0x00000006c0000000, 0x00000006cfe80000, 0x000000076ab00000)
  object space 260608K, 0% used [0x00000006c0000000,0x00000006c014c488,0x00000006cfe80000)
 Metaspace       used 8866K, capacity 9034K, committed 9344K, reserved 1056768K
  class space    used 998K, capacity 1049K, committed 1152K, reserved 1048576K
Event: 0.482 GC heap after
Heap after GC invocations=9 (full 0):
 PSYoungGen      total 8704K, used 1504K [0x000000076ab00000, 0x000000076bb80000, 0x00000007c0000000)
  eden space 7168K, 0% used [0x000000076ab00000,0x000000076ab00000,0x000000076b200000)
  from space 1536K, 97% used [0x000000076b200000,0x000000076b378030,0x000000076b380000)
  to   space 2560K, 0% used [0x000000076b900000,0x000000076b900000,0x000000076bb80000)
 ParOldGen       total 260608K, used 2752K [0x00000006c0000000, 0x00000006cfe80000, 0x000000076ab00000)
  object space 260608K, 1% used [0x00000006c0000000,0x00000006c02b0148,0x00000006cfe80000)
 Metaspace       used 8866K, capacity 9034K, committed 9344K, reserved 1056768K
  class space    used 998K, capacity 1049K, committed 1152K, reserved 1048576K
}
Event: 3.179 GC heap before
{Heap before GC invocations=10 (full 0):
 PSYoungGen      total 8704K, used 8656K [0x000000076ab00000, 0x000000076bb80000, 0x00000007c0000000)
  eden space 7168K, 99% used [0x000000076ab00000,0x000000076b1fc098,0x000000076b200000)
  from space 1536K, 97% used [0x000000076b200000,0x000000076b378030,0x000000076b380000)
  to   space 2560K, 0% used [0x000000076b900000,0x000000076b900000,0x000000076bb80000)
 ParOldGen       total 260608K, used 2752K [0x00000006c0000000, 0x00000006cfe80000, 0x000000076ab00000)
  object space 260608K, 1% used [0x00000006c0000000,0x00000006c02b0148,0x00000006cfe80000)
 Metaspace       used 10031K, capacity 10218K, committed 10496K, reserved 1058816K
  class space    used 1148K, capacity 1209K, committed 1280K, reserved 1048576K
Event: 3.181 GC heap after
Heap after GC invocations=10 (full 0):
 PSYoungGen      total 14336K, used 1794K [0x000000076ab00000, 0x000000076bb80000, 0x00000007c0000000)
  eden space 11776K, 0% used [0x000000076ab00000,0x000000076ab00000,0x000000076b680000)
  from space 2560K, 70% used [0x000000076b900000,0x000000076bac0898,0x000000076bb80000)
  to   space 2560K, 0% used [0x000000076b680000,0x000000076b680000,0x000000076b900000)
 ParOldGen       total 260608K, used 3664K [0x00000006c0000000, 0x00000006cfe80000, 0x000000076ab00000)
  object space 260608K, 1% used [0x00000006c0000000,0x00000006c03941b8,0x00000006cfe80000)
 Metaspace       used 10031K, capacity 10218K, committed 10496K, reserved 1058816K
  class space    used 1148K, capacity 1209K, committed 1280K, reserved 1048576K
}
Event: 940.210 GC heap before
{Heap before GC invocations=11 (full 0):
 PSYoungGen      total 14336K, used 13570K [0x000000076ab00000, 0x000000076bb80000, 0x00000007c0000000)
  eden space 11776K, 100% used [0x000000076ab00000,0x000000076b680000,0x000000076b680000)
  from space 2560K, 70% used [0x000000076b900000,0x000000076bac0898,0x000000076bb80000)
  to   space 2560K, 0% used [0x000000076b680000,0x000000076b680000,0x000000076b900000)
 ParOldGen       total 260608K, used 3664K [0x00000006c0000000, 0x00000006cfe80000, 0x000000076ab00000)
  object space 260608K, 1% used [0x00000006c0000000,0x00000006c03941b8,0x00000006cfe80000)
 Metaspace       used 11779K, capacity 11946K, committed 12160K, reserved 1060864K
  class space    used 1350K, capacity 1401K, committed 1408K, reserved 1048576K
Event: 940.213 GC heap after
Heap after GC invocations=11 (full 0):
 PSYoungGen      total 14336K, used 1768K [0x000000076ab00000, 0x000000076c280000, 0x00000007c0000000)
  eden space 11776K, 0% used [0x000000076ab00000,0x000000076ab00000,0x000000076b680000)
  from space 2560K, 69% used [0x000000076b680000,0x000000076b83a250,0x000000076b900000)
  to   space 2560K, 0% used [0x000000076c000000,0x000000076c000000,0x000000076c280000)
 ParOldGen       total 260608K, used 4541K [0x00000006c0000000, 0x00000006cfe80000, 0x000000076ab00000)
  object space 260608K, 1% used [0x00000006c0000000,0x00000006c046f6e0,0x00000006cfe80000)
 Metaspace       used 11779K, capacity 11946K, committed 12160K, reserved 1060864K
  class space    used 1350K, capacity 1401K, committed 1408K, reserved 1048576K
}

